<?xml version="1.0" ?>
<coverage version="7.6.10" timestamp="1737400123130" lines-valid="1005" lines-covered="233" line-rate="0.2318" branches-covered="0" branches-valid="0" branch-rate="0" complexity="0">
	<!-- Generated by coverage.py: https://coverage.readthedocs.io/en/7.6.10 -->
	<!-- Based on https://raw.githubusercontent.com/cobertura/web/master/htdocs/xml/coverage-04.dtd -->
	<sources>
		<source>C:\Users\user\GitRepositories\UDLA\SeguridadDeLaInformacion\ActivosInformacion</source>
	</sources>
	<packages>
		<package name="." line-rate="0" branch-rate="0" complexity="0">
			<classes>
				<class name="manage.py" filename="manage.py" complexity="0" line-rate="0" branch-rate="0">
					<methods/>
					<lines>
						<line number="3" hits="0"/>
						<line number="4" hits="0"/>
						<line number="7" hits="0"/>
						<line number="9" hits="0"/>
						<line number="10" hits="0"/>
						<line number="11" hits="0"/>
						<line number="12" hits="0"/>
						<line number="13" hits="0"/>
						<line number="18" hits="0"/>
						<line number="21" hits="0"/>
						<line number="22" hits="0"/>
					</lines>
				</class>
			</classes>
		</package>
		<package name="ActivosInformacion" line-rate="0.7556" branch-rate="0" complexity="0">
			<classes>
				<class name="__init__.py" filename="ActivosInformacion/__init__.py" complexity="0" line-rate="1" branch-rate="0">
					<methods/>
					<lines/>
				</class>
				<class name="asgi.py" filename="ActivosInformacion/asgi.py" complexity="0" line-rate="0" branch-rate="0">
					<methods/>
					<lines>
						<line number="10" hits="0"/>
						<line number="12" hits="0"/>
						<line number="14" hits="0"/>
						<line number="16" hits="0"/>
					</lines>
				</class>
				<class name="settings.py" filename="ActivosInformacion/settings.py" complexity="0" line-rate="1" branch-rate="0">
					<methods/>
					<lines>
						<line number="12" hits="1"/>
						<line number="13" hits="1"/>
						<line number="14" hits="1"/>
						<line number="17" hits="1"/>
						<line number="20" hits="1"/>
						<line number="26" hits="1"/>
						<line number="29" hits="1"/>
						<line number="31" hits="1"/>
						<line number="36" hits="1"/>
						<line number="53" hits="1"/>
						<line number="65" hits="1"/>
						<line number="71" hits="1"/>
						<line number="74" hits="1"/>
						<line number="84" hits="1"/>
						<line number="94" hits="1"/>
						<line number="99" hits="1"/>
						<line number="101" hits="1"/>
						<line number="117" hits="1"/>
						<line number="123" hits="1"/>
						<line number="134" hits="1"/>
						<line number="153" hits="1"/>
						<line number="155" hits="1"/>
						<line number="157" hits="1"/>
						<line number="159" hits="1"/>
						<line number="165" hits="1"/>
						<line number="170" hits="1"/>
						<line number="173" hits="1"/>
						<line number="175" hits="1"/>
						<line number="180" hits="1"/>
						<line number="181" hits="1"/>
						<line number="182" hits="1"/>
						<line number="184" hits="1"/>
						<line number="185" hits="1"/>
						<line number="186" hits="1"/>
					</lines>
				</class>
				<class name="urls.py" filename="ActivosInformacion/urls.py" complexity="0" line-rate="0" branch-rate="0">
					<methods/>
					<lines>
						<line number="17" hits="0"/>
						<line number="18" hits="0"/>
						<line number="20" hits="0"/>
					</lines>
				</class>
				<class name="wsgi.py" filename="ActivosInformacion/wsgi.py" complexity="0" line-rate="0" branch-rate="0">
					<methods/>
					<lines>
						<line number="10" hits="0"/>
						<line number="12" hits="0"/>
						<line number="14" hits="0"/>
						<line number="16" hits="0"/>
					</lines>
				</class>
			</classes>
		</package>
		<package name="InitialPage" line-rate="0.138" branch-rate="0" complexity="0">
			<classes>
				<class name="__init__.py" filename="InitialPage/__init__.py" complexity="0" line-rate="1" branch-rate="0">
					<methods/>
					<lines/>
				</class>
				<class name="admin.py" filename="InitialPage/admin.py" complexity="0" line-rate="1" branch-rate="0">
					<methods/>
					<lines>
						<line number="1" hits="1"/>
						<line number="2" hits="1"/>
						<line number="5" hits="1"/>
						<line number="6" hits="1"/>
						<line number="7" hits="1"/>
						<line number="8" hits="1"/>
						<line number="9" hits="1"/>
						<line number="10" hits="1"/>
						<line number="11" hits="1"/>
						<line number="12" hits="1"/>
						<line number="13" hits="1"/>
						<line number="14" hits="1"/>
						<line number="15" hits="1"/>
						<line number="16" hits="1"/>
					</lines>
				</class>
				<class name="apps.py" filename="InitialPage/apps.py" complexity="0" line-rate="1" branch-rate="0">
					<methods/>
					<lines>
						<line number="1" hits="1"/>
						<line number="4" hits="1"/>
						<line number="5" hits="1"/>
						<line number="6" hits="1"/>
					</lines>
				</class>
				<class name="models.py" filename="InitialPage/models.py" complexity="0" line-rate="1" branch-rate="0">
					<methods/>
					<lines>
						<line number="1" hits="1"/>
						<line number="2" hits="1"/>
						<line number="5" hits="1"/>
						<line number="6" hits="1"/>
						<line number="8" hits="1"/>
						<line number="9" hits="1"/>
						<line number="10" hits="1"/>
						<line number="12" hits="1"/>
						<line number="13" hits="1"/>
						<line number="14" hits="1"/>
						<line number="15" hits="1"/>
						<line number="17" hits="1"/>
						<line number="18" hits="1"/>
						<line number="19" hits="1"/>
						<line number="21" hits="1"/>
						<line number="22" hits="1"/>
						<line number="23" hits="1"/>
						<line number="24" hits="1"/>
						<line number="25" hits="1"/>
						<line number="27" hits="1"/>
						<line number="28" hits="1"/>
						<line number="29" hits="1"/>
						<line number="30" hits="1"/>
						<line number="31" hits="1"/>
						<line number="32" hits="1"/>
						<line number="33" hits="1"/>
						<line number="34" hits="1"/>
						<line number="35" hits="1"/>
						<line number="36" hits="1"/>
						<line number="38" hits="1"/>
						<line number="39" hits="1"/>
						<line number="40" hits="1"/>
						<line number="41" hits="1"/>
						<line number="42" hits="1"/>
						<line number="44" hits="1"/>
						<line number="45" hits="1"/>
						<line number="46" hits="1"/>
						<line number="47" hits="1"/>
						<line number="48" hits="1"/>
						<line number="49" hits="1"/>
						<line number="51" hits="1"/>
						<line number="52" hits="1"/>
						<line number="53" hits="1"/>
						<line number="54" hits="1"/>
						<line number="55" hits="1"/>
						<line number="57" hits="1"/>
						<line number="58" hits="1"/>
						<line number="60" hits="1"/>
						<line number="61" hits="1"/>
						<line number="62" hits="1"/>
						<line number="63" hits="1"/>
						<line number="65" hits="1"/>
						<line number="66" hits="1"/>
						<line number="67" hits="1"/>
					</lines>
				</class>
				<class name="tests.py" filename="InitialPage/tests.py" complexity="0" line-rate="1" branch-rate="0">
					<methods/>
					<lines>
						<line number="1" hits="1"/>
						<line number="2" hits="1"/>
						<line number="7" hits="1"/>
						<line number="9" hits="1"/>
						<line number="10" hits="1"/>
						<line number="11" hits="1"/>
						<line number="12" hits="1"/>
						<line number="14" hits="1"/>
						<line number="15" hits="1"/>
						<line number="16" hits="1"/>
						<line number="17" hits="1"/>
						<line number="18" hits="1"/>
						<line number="20" hits="1"/>
						<line number="26" hits="1"/>
						<line number="30" hits="1"/>
						<line number="34" hits="1"/>
						<line number="37" hits="1"/>
						<line number="39" hits="1"/>
						<line number="40" hits="1"/>
						<line number="41" hits="1"/>
						<line number="42" hits="1"/>
						<line number="44" hits="1"/>
						<line number="45" hits="1"/>
						<line number="47" hits="1"/>
						<line number="48" hits="1"/>
						<line number="49" hits="1"/>
						<line number="51" hits="1"/>
						<line number="52" hits="1"/>
						<line number="54" hits="1"/>
						<line number="55" hits="1"/>
						<line number="56" hits="1"/>
						<line number="58" hits="1"/>
						<line number="59" hits="1"/>
						<line number="61" hits="1"/>
						<line number="62" hits="1"/>
						<line number="64" hits="1"/>
						<line number="65" hits="1"/>
						<line number="66" hits="1"/>
						<line number="68" hits="1"/>
						<line number="69" hits="1"/>
						<line number="70" hits="1"/>
					</lines>
				</class>
				<class name="urls.py" filename="InitialPage/urls.py" complexity="0" line-rate="0" branch-rate="0">
					<methods/>
					<lines>
						<line number="1" hits="0"/>
						<line number="2" hits="0"/>
						<line number="4" hits="0"/>
						<line number="6" hits="0"/>
					</lines>
				</class>
				<class name="views.py" filename="InitialPage/views.py" complexity="0" line-rate="0" branch-rate="0">
					<methods/>
					<lines>
						<line number="1" hits="0"/>
						<line number="2" hits="0"/>
						<line number="3" hits="0"/>
						<line number="4" hits="0"/>
						<line number="5" hits="0"/>
						<line number="7" hits="0"/>
						<line number="8" hits="0"/>
						<line number="10" hits="0"/>
						<line number="11" hits="0"/>
						<line number="12" hits="0"/>
						<line number="13" hits="0"/>
						<line number="14" hits="0"/>
						<line number="16" hits="0"/>
						<line number="17" hits="0"/>
						<line number="19" hits="0"/>
						<line number="20" hits="0"/>
						<line number="22" hits="0"/>
						<line number="23" hits="0"/>
						<line number="24" hits="0"/>
						<line number="27" hits="0"/>
						<line number="28" hits="0"/>
						<line number="29" hits="0"/>
						<line number="30" hits="0"/>
						<line number="33" hits="0"/>
						<line number="35" hits="0"/>
						<line number="37" hits="0"/>
						<line number="38" hits="0"/>
						<line number="39" hits="0"/>
						<line number="40" hits="0"/>
						<line number="41" hits="0"/>
						<line number="43" hits="0"/>
						<line number="44" hits="0"/>
						<line number="46" hits="0"/>
						<line number="49" hits="0"/>
						<line number="51" hits="0"/>
						<line number="53" hits="0"/>
						<line number="54" hits="0"/>
						<line number="55" hits="0"/>
						<line number="56" hits="0"/>
						<line number="58" hits="0"/>
						<line number="59" hits="0"/>
						<line number="60" hits="0"/>
						<line number="61" hits="0"/>
						<line number="62" hits="0"/>
						<line number="63" hits="0"/>
						<line number="64" hits="0"/>
						<line number="68" hits="0"/>
						<line number="69" hits="0"/>
						<line number="72" hits="0"/>
						<line number="73" hits="0"/>
						<line number="78" hits="0"/>
						<line number="79" hits="0"/>
						<line number="80" hits="0"/>
						<line number="81" hits="0"/>
						<line number="83" hits="0"/>
						<line number="88" hits="0"/>
						<line number="89" hits="0"/>
						<line number="90" hits="0"/>
						<line number="92" hits="0"/>
						<line number="93" hits="0"/>
						<line number="94" hits="0"/>
						<line number="96" hits="0"/>
						<line number="101" hits="0"/>
						<line number="102" hits="0"/>
						<line number="103" hits="0"/>
						<line number="106" hits="0"/>
						<line number="107" hits="0"/>
						<line number="109" hits="0"/>
						<line number="111" hits="0"/>
						<line number="112" hits="0"/>
						<line number="113" hits="0"/>
						<line number="114" hits="0"/>
						<line number="115" hits="0"/>
						<line number="116" hits="0"/>
						<line number="117" hits="0"/>
						<line number="118" hits="0"/>
						<line number="119" hits="0"/>
						<line number="120" hits="0"/>
						<line number="123" hits="0"/>
						<line number="124" hits="0"/>
						<line number="127" hits="0"/>
						<line number="128" hits="0"/>
						<line number="139" hits="0"/>
						<line number="140" hits="0"/>
						<line number="141" hits="0"/>
						<line number="157" hits="0"/>
						<line number="159" hits="0"/>
						<line number="160" hits="0"/>
						<line number="161" hits="0"/>
						<line number="162" hits="0"/>
						<line number="164" hits="0"/>
						<line number="165" hits="0"/>
						<line number="186" hits="0"/>
						<line number="187" hits="0"/>
						<line number="208" hits="0"/>
						<line number="209" hits="0"/>
						<line number="230" hits="0"/>
						<line number="231" hits="0"/>
						<line number="252" hits="0"/>
						<line number="253" hits="0"/>
						<line number="255" hits="0"/>
						<line number="256" hits="0"/>
						<line number="262" hits="0"/>
						<line number="263" hits="0"/>
						<line number="264" hits="0"/>
						<line number="286" hits="0"/>
						<line number="288" hits="0"/>
						<line number="289" hits="0"/>
						<line number="290" hits="0"/>
						<line number="291" hits="0"/>
						<line number="293" hits="0"/>
						<line number="294" hits="0"/>
						<line number="310" hits="0"/>
						<line number="311" hits="0"/>
						<line number="327" hits="0"/>
						<line number="328" hits="0"/>
						<line number="335" hits="0"/>
						<line number="336" hits="0"/>
						<line number="337" hits="0"/>
						<line number="353" hits="0"/>
						<line number="356" hits="0"/>
						<line number="357" hits="0"/>
						<line number="358" hits="0"/>
						<line number="359" hits="0"/>
						<line number="360" hits="0"/>
						<line number="361" hits="0"/>
						<line number="363" hits="0"/>
						<line number="364" hits="0"/>
						<line number="371" hits="0"/>
						<line number="372" hits="0"/>
						<line number="373" hits="0"/>
						<line number="387" hits="0"/>
						<line number="388" hits="0"/>
						<line number="390" hits="0"/>
						<line number="393" hits="0"/>
						<line number="394" hits="0"/>
						<line number="396" hits="0"/>
						<line number="397" hits="0"/>
						<line number="398" hits="0"/>
						<line number="400" hits="0"/>
						<line number="401" hits="0"/>
						<line number="408" hits="0"/>
						<line number="409" hits="0"/>
						<line number="410" hits="0"/>
						<line number="425" hits="0"/>
						<line number="426" hits="0"/>
						<line number="428" hits="0"/>
						<line number="429" hits="0"/>
						<line number="430" hits="0"/>
						<line number="432" hits="0"/>
						<line number="433" hits="0"/>
						<line number="434" hits="0"/>
						<line number="436" hits="0"/>
						<line number="437" hits="0"/>
						<line number="444" hits="0"/>
						<line number="445" hits="0"/>
						<line number="446" hits="0"/>
						<line number="461" hits="0"/>
						<line number="462" hits="0"/>
						<line number="464" hits="0"/>
						<line number="465" hits="0"/>
						<line number="466" hits="0"/>
						<line number="468" hits="0"/>
						<line number="469" hits="0"/>
						<line number="470" hits="0"/>
						<line number="472" hits="0"/>
						<line number="473" hits="0"/>
						<line number="480" hits="0"/>
						<line number="481" hits="0"/>
						<line number="482" hits="0"/>
						<line number="497" hits="0"/>
						<line number="498" hits="0"/>
						<line number="500" hits="0"/>
						<line number="505" hits="0"/>
						<line number="506" hits="0"/>
						<line number="515" hits="0"/>
						<line number="517" hits="0"/>
						<line number="518" hits="0"/>
						<line number="519" hits="0"/>
						<line number="524" hits="0"/>
						<line number="526" hits="0"/>
						<line number="527" hits="0"/>
						<line number="529" hits="0"/>
						<line number="532" hits="0"/>
						<line number="533" hits="0"/>
						<line number="535" hits="0"/>
						<line number="537" hits="0"/>
						<line number="538" hits="0"/>
						<line number="539" hits="0"/>
						<line number="540" hits="0"/>
						<line number="541" hits="0"/>
						<line number="542" hits="0"/>
						<line number="543" hits="0"/>
						<line number="544" hits="0"/>
						<line number="545" hits="0"/>
						<line number="546" hits="0"/>
						<line number="547" hits="0"/>
						<line number="548" hits="0"/>
						<line number="551" hits="0"/>
						<line number="553" hits="0"/>
						<line number="555" hits="0"/>
						<line number="557" hits="0"/>
						<line number="558" hits="0"/>
						<line number="559" hits="0"/>
						<line number="560" hits="0"/>
						<line number="562" hits="0"/>
						<line number="563" hits="0"/>
						<line number="579" hits="0"/>
						<line number="580" hits="0"/>
						<line number="596" hits="0"/>
						<line number="598" hits="0"/>
						<line number="605" hits="0"/>
						<line number="606" hits="0"/>
						<line number="622" hits="0"/>
						<line number="623" hits="0"/>
						<line number="634" hits="0"/>
						<line number="635" hits="0"/>
						<line number="651" hits="0"/>
						<line number="656" hits="0"/>
						<line number="657" hits="0"/>
						<line number="658" hits="0"/>
						<line number="659" hits="0"/>
						<line number="661" hits="0"/>
						<line number="662" hits="0"/>
						<line number="663" hits="0"/>
						<line number="666" hits="0"/>
						<line number="667" hits="0"/>
						<line number="668" hits="0"/>
						<line number="669" hits="0"/>
						<line number="670" hits="0"/>
						<line number="671" hits="0"/>
						<line number="677" hits="0"/>
						<line number="682" hits="0"/>
						<line number="684" hits="0"/>
						<line number="685" hits="0"/>
						<line number="687" hits="0"/>
						<line number="690" hits="0"/>
						<line number="691" hits="0"/>
						<line number="693" hits="0"/>
						<line number="694" hits="0"/>
						<line number="695" hits="0"/>
						<line number="696" hits="0"/>
						<line number="697" hits="0"/>
						<line number="698" hits="0"/>
						<line number="699" hits="0"/>
						<line number="700" hits="0"/>
						<line number="701" hits="0"/>
						<line number="703" hits="0"/>
						<line number="704" hits="0"/>
						<line number="710" hits="0"/>
						<line number="711" hits="0"/>
						<line number="717" hits="0"/>
						<line number="718" hits="0"/>
						<line number="724" hits="0"/>
						<line number="725" hits="0"/>
						<line number="731" hits="0"/>
						<line number="732" hits="0"/>
						<line number="738" hits="0"/>
						<line number="739" hits="0"/>
						<line number="745" hits="0"/>
						<line number="746" hits="0"/>
						<line number="752" hits="0"/>
						<line number="753" hits="0"/>
						<line number="759" hits="0"/>
						<line number="760" hits="0"/>
						<line number="766" hits="0"/>
						<line number="767" hits="0"/>
						<line number="769" hits="0"/>
						<line number="770" hits="0"/>
						<line number="775" hits="0"/>
						<line number="776" hits="0"/>
						<line number="777" hits="0"/>
						<line number="783" hits="0"/>
						<line number="784" hits="0"/>
						<line number="785" hits="0"/>
						<line number="786" hits="0"/>
						<line number="788" hits="0"/>
						<line number="790" hits="0"/>
						<line number="791" hits="0"/>
						<line number="801" hits="0"/>
						<line number="802" hits="0"/>
						<line number="803" hits="0"/>
						<line number="809" hits="0"/>
						<line number="812" hits="0"/>
						<line number="817" hits="0"/>
						<line number="819" hits="0"/>
						<line number="820" hits="0"/>
						<line number="821" hits="0"/>
						<line number="826" hits="0"/>
						<line number="828" hits="0"/>
						<line number="829" hits="0"/>
						<line number="830" hits="0"/>
						<line number="831" hits="0"/>
						<line number="832" hits="0"/>
						<line number="833" hits="0"/>
						<line number="834" hits="0"/>
						<line number="839" hits="0"/>
						<line number="843" hits="0"/>
						<line number="845" hits="0"/>
						<line number="846" hits="0"/>
						<line number="847" hits="0"/>
						<line number="848" hits="0"/>
						<line number="849" hits="0"/>
						<line number="850" hits="0"/>
						<line number="851" hits="0"/>
						<line number="852" hits="0"/>
						<line number="853" hits="0"/>
						<line number="854" hits="0"/>
						<line number="856" hits="0"/>
						<line number="857" hits="0"/>
						<line number="863" hits="0"/>
						<line number="864" hits="0"/>
						<line number="870" hits="0"/>
						<line number="871" hits="0"/>
						<line number="877" hits="0"/>
						<line number="878" hits="0"/>
						<line number="884" hits="0"/>
						<line number="885" hits="0"/>
						<line number="891" hits="0"/>
						<line number="892" hits="0"/>
						<line number="898" hits="0"/>
						<line number="899" hits="0"/>
						<line number="900" hits="0"/>
						<line number="901" hits="0"/>
						<line number="906" hits="0"/>
						<line number="907" hits="0"/>
						<line number="908" hits="0"/>
						<line number="914" hits="0"/>
						<line number="915" hits="0"/>
						<line number="924" hits="0"/>
						<line number="925" hits="0"/>
						<line number="931" hits="0"/>
						<line number="935" hits="0"/>
						<line number="940" hits="0"/>
						<line number="941" hits="0"/>
						<line number="942" hits="0"/>
						<line number="943" hits="0"/>
						<line number="944" hits="0"/>
						<line number="945" hits="0"/>
						<line number="947" hits="0"/>
						<line number="948" hits="0"/>
						<line number="953" hits="0"/>
						<line number="954" hits="0"/>
						<line number="959" hits="0"/>
						<line number="960" hits="0"/>
						<line number="965" hits="0"/>
						<line number="967" hits="0"/>
						<line number="968" hits="0"/>
						<line number="973" hits="0"/>
						<line number="974" hits="0"/>
						<line number="975" hits="0"/>
						<line number="980" hits="0"/>
						<line number="984" hits="0"/>
						<line number="988" hits="0"/>
						<line number="990" hits="0"/>
						<line number="991" hits="0"/>
						<line number="992" hits="0"/>
						<line number="996" hits="0"/>
						<line number="998" hits="0"/>
						<line number="999" hits="0"/>
						<line number="1000" hits="0"/>
						<line number="1001" hits="0"/>
						<line number="1002" hits="0"/>
						<line number="1003" hits="0"/>
						<line number="1004" hits="0"/>
						<line number="1009" hits="0"/>
						<line number="1013" hits="0"/>
						<line number="1015" hits="0"/>
						<line number="1016" hits="0"/>
						<line number="1017" hits="0"/>
						<line number="1018" hits="0"/>
						<line number="1019" hits="0"/>
						<line number="1020" hits="0"/>
						<line number="1021" hits="0"/>
						<line number="1023" hits="0"/>
						<line number="1024" hits="0"/>
						<line number="1029" hits="0"/>
						<line number="1030" hits="0"/>
						<line number="1035" hits="0"/>
						<line number="1036" hits="0"/>
						<line number="1041" hits="0"/>
						<line number="1043" hits="0"/>
						<line number="1044" hits="0"/>
						<line number="1049" hits="0"/>
						<line number="1050" hits="0"/>
						<line number="1055" hits="0"/>
						<line number="1059" hits="0"/>
						<line number="1063" hits="0"/>
						<line number="1065" hits="0"/>
						<line number="1066" hits="0"/>
						<line number="1067" hits="0"/>
						<line number="1068" hits="0"/>
						<line number="1069" hits="0"/>
						<line number="1070" hits="0"/>
						<line number="1071" hits="0"/>
						<line number="1072" hits="0"/>
						<line number="1073" hits="0"/>
						<line number="1075" hits="0"/>
						<line number="1076" hits="0"/>
						<line number="1082" hits="0"/>
						<line number="1083" hits="0"/>
						<line number="1089" hits="0"/>
						<line number="1090" hits="0"/>
						<line number="1096" hits="0"/>
						<line number="1097" hits="0"/>
						<line number="1103" hits="0"/>
						<line number="1104" hits="0"/>
						<line number="1110" hits="0"/>
						<line number="1111" hits="0"/>
						<line number="1113" hits="0"/>
						<line number="1114" hits="0"/>
						<line number="1116" hits="0"/>
						<line number="1117" hits="0"/>
						<line number="1118" hits="0"/>
						<line number="1119" hits="0"/>
						<line number="1120" hits="0"/>
						<line number="1121" hits="0"/>
						<line number="1122" hits="0"/>
						<line number="1123" hits="0"/>
						<line number="1124" hits="0"/>
						<line number="1125" hits="0"/>
						<line number="1126" hits="0"/>
						<line number="1127" hits="0"/>
						<line number="1128" hits="0"/>
						<line number="1129" hits="0"/>
						<line number="1130" hits="0"/>
						<line number="1131" hits="0"/>
						<line number="1132" hits="0"/>
						<line number="1133" hits="0"/>
						<line number="1134" hits="0"/>
						<line number="1135" hits="0"/>
						<line number="1136" hits="0"/>
						<line number="1137" hits="0"/>
						<line number="1138" hits="0"/>
						<line number="1139" hits="0"/>
						<line number="1140" hits="0"/>
						<line number="1141" hits="0"/>
						<line number="1142" hits="0"/>
						<line number="1143" hits="0"/>
						<line number="1144" hits="0"/>
						<line number="1145" hits="0"/>
						<line number="1146" hits="0"/>
						<line number="1147" hits="0"/>
						<line number="1148" hits="0"/>
						<line number="1149" hits="0"/>
						<line number="1150" hits="0"/>
						<line number="1151" hits="0"/>
						<line number="1152" hits="0"/>
						<line number="1153" hits="0"/>
						<line number="1154" hits="0"/>
						<line number="1155" hits="0"/>
						<line number="1156" hits="0"/>
						<line number="1157" hits="0"/>
						<line number="1158" hits="0"/>
						<line number="1159" hits="0"/>
						<line number="1160" hits="0"/>
						<line number="1161" hits="0"/>
						<line number="1162" hits="0"/>
						<line number="1163" hits="0"/>
						<line number="1164" hits="0"/>
						<line number="1165" hits="0"/>
						<line number="1167" hits="0"/>
						<line number="1173" hits="0"/>
						<line number="1174" hits="0"/>
						<line number="1179" hits="0"/>
						<line number="1180" hits="0"/>
						<line number="1181" hits="0"/>
						<line number="1182" hits="0"/>
						<line number="1188" hits="0"/>
						<line number="1193" hits="0"/>
						<line number="1198" hits="0"/>
						<line number="1200" hits="0"/>
						<line number="1201" hits="0"/>
						<line number="1202" hits="0"/>
						<line number="1206" hits="0"/>
						<line number="1208" hits="0"/>
						<line number="1209" hits="0"/>
						<line number="1210" hits="0"/>
						<line number="1211" hits="0"/>
						<line number="1212" hits="0"/>
						<line number="1213" hits="0"/>
						<line number="1214" hits="0"/>
						<line number="1219" hits="0"/>
						<line number="1223" hits="0"/>
						<line number="1225" hits="0"/>
						<line number="1226" hits="0"/>
						<line number="1227" hits="0"/>
						<line number="1228" hits="0"/>
						<line number="1229" hits="0"/>
						<line number="1230" hits="0"/>
						<line number="1231" hits="0"/>
						<line number="1232" hits="0"/>
						<line number="1233" hits="0"/>
						<line number="1234" hits="0"/>
						<line number="1236" hits="0"/>
						<line number="1237" hits="0"/>
						<line number="1243" hits="0"/>
						<line number="1244" hits="0"/>
						<line number="1250" hits="0"/>
						<line number="1251" hits="0"/>
						<line number="1257" hits="0"/>
						<line number="1258" hits="0"/>
						<line number="1260" hits="0"/>
						<line number="1261" hits="0"/>
						<line number="1263" hits="0"/>
						<line number="1264" hits="0"/>
						<line number="1265" hits="0"/>
						<line number="1266" hits="0"/>
						<line number="1267" hits="0"/>
						<line number="1268" hits="0"/>
						<line number="1269" hits="0"/>
						<line number="1270" hits="0"/>
						<line number="1271" hits="0"/>
						<line number="1272" hits="0"/>
						<line number="1273" hits="0"/>
						<line number="1274" hits="0"/>
						<line number="1275" hits="0"/>
						<line number="1276" hits="0"/>
						<line number="1277" hits="0"/>
						<line number="1278" hits="0"/>
						<line number="1279" hits="0"/>
						<line number="1280" hits="0"/>
						<line number="1281" hits="0"/>
						<line number="1282" hits="0"/>
						<line number="1283" hits="0"/>
						<line number="1284" hits="0"/>
						<line number="1285" hits="0"/>
						<line number="1286" hits="0"/>
						<line number="1287" hits="0"/>
						<line number="1288" hits="0"/>
						<line number="1289" hits="0"/>
						<line number="1290" hits="0"/>
						<line number="1291" hits="0"/>
						<line number="1292" hits="0"/>
						<line number="1293" hits="0"/>
						<line number="1294" hits="0"/>
						<line number="1295" hits="0"/>
						<line number="1296" hits="0"/>
						<line number="1297" hits="0"/>
						<line number="1298" hits="0"/>
						<line number="1299" hits="0"/>
						<line number="1300" hits="0"/>
						<line number="1301" hits="0"/>
						<line number="1302" hits="0"/>
						<line number="1303" hits="0"/>
						<line number="1304" hits="0"/>
						<line number="1305" hits="0"/>
						<line number="1306" hits="0"/>
						<line number="1307" hits="0"/>
						<line number="1308" hits="0"/>
						<line number="1309" hits="0"/>
						<line number="1310" hits="0"/>
						<line number="1311" hits="0"/>
						<line number="1312" hits="0"/>
						<line number="1314" hits="0"/>
						<line number="1320" hits="0"/>
						<line number="1321" hits="0"/>
						<line number="1326" hits="0"/>
						<line number="1327" hits="0"/>
						<line number="1328" hits="0"/>
						<line number="1329" hits="0"/>
						<line number="1335" hits="0"/>
						<line number="1339" hits="0"/>
						<line number="1344" hits="0"/>
						<line number="1346" hits="0"/>
						<line number="1347" hits="0"/>
						<line number="1348" hits="0"/>
						<line number="1349" hits="0"/>
						<line number="1350" hits="0"/>
						<line number="1351" hits="0"/>
						<line number="1352" hits="0"/>
						<line number="1353" hits="0"/>
						<line number="1355" hits="0"/>
						<line number="1356" hits="0"/>
						<line number="1362" hits="0"/>
						<line number="1363" hits="0"/>
						<line number="1369" hits="0"/>
						<line number="1370" hits="0"/>
						<line number="1376" hits="0"/>
						<line number="1377" hits="0"/>
						<line number="1379" hits="0"/>
						<line number="1380" hits="0"/>
						<line number="1382" hits="0"/>
						<line number="1384" hits="0"/>
						<line number="1385" hits="0"/>
						<line number="1388" hits="0"/>
						<line number="1389" hits="0"/>
						<line number="1390" hits="0"/>
						<line number="1391" hits="0"/>
						<line number="1397" hits="0"/>
						<line number="1402" hits="0"/>
						<line number="1406" hits="0"/>
						<line number="1408" hits="0"/>
						<line number="1409" hits="0"/>
						<line number="1410" hits="0"/>
						<line number="1414" hits="0"/>
						<line number="1416" hits="0"/>
						<line number="1417" hits="0"/>
						<line number="1418" hits="0"/>
						<line number="1419" hits="0"/>
						<line number="1420" hits="0"/>
						<line number="1421" hits="0"/>
						<line number="1422" hits="0"/>
						<line number="1427" hits="0"/>
						<line number="1431" hits="0"/>
						<line number="1433" hits="0"/>
						<line number="1434" hits="0"/>
						<line number="1435" hits="0"/>
						<line number="1436" hits="0"/>
						<line number="1437" hits="0"/>
						<line number="1438" hits="0"/>
						<line number="1439" hits="0"/>
						<line number="1441" hits="0"/>
						<line number="1442" hits="0"/>
						<line number="1448" hits="0"/>
						<line number="1449" hits="0"/>
						<line number="1455" hits="0"/>
						<line number="1456" hits="0"/>
						<line number="1458" hits="0"/>
						<line number="1459" hits="0"/>
						<line number="1460" hits="0"/>
						<line number="1461" hits="0"/>
						<line number="1462" hits="0"/>
						<line number="1468" hits="0"/>
						<line number="1472" hits="0"/>
						<line number="1474" hits="0"/>
						<line number="1475" hits="0"/>
						<line number="1476" hits="0"/>
						<line number="1478" hits="0"/>
						<line number="1479" hits="0"/>
						<line number="1480" hits="0"/>
						<line number="1482" hits="0"/>
						<line number="1483" hits="0"/>
						<line number="1486" hits="0"/>
						<line number="1487" hits="0"/>
						<line number="1488" hits="0"/>
						<line number="1490" hits="0"/>
						<line number="1491" hits="0"/>
						<line number="1492" hits="0"/>
						<line number="1494" hits="0"/>
						<line number="1495" hits="0"/>
						<line number="1496" hits="0"/>
						<line number="1498" hits="0"/>
						<line number="1499" hits="0"/>
						<line number="1500" hits="0"/>
						<line number="1502" hits="0"/>
						<line number="1503" hits="0"/>
						<line number="1504" hits="0"/>
						<line number="1506" hits="0"/>
						<line number="1507" hits="0"/>
						<line number="1508" hits="0"/>
						<line number="1510" hits="0"/>
						<line number="1511" hits="0"/>
						<line number="1512" hits="0"/>
						<line number="1514" hits="0"/>
						<line number="1515" hits="0"/>
						<line number="1516" hits="0"/>
						<line number="1518" hits="0"/>
						<line number="1519" hits="0"/>
						<line number="1520" hits="0"/>
						<line number="1522" hits="0"/>
						<line number="1523" hits="0"/>
						<line number="1524" hits="0"/>
						<line number="1526" hits="0"/>
						<line number="1527" hits="0"/>
						<line number="1528" hits="0"/>
						<line number="1530" hits="0"/>
						<line number="1534" hits="0"/>
						<line number="1538" hits="0"/>
						<line number="1539" hits="0"/>
						<line number="1540" hits="0"/>
						<line number="1542" hits="0"/>
						<line number="1543" hits="0"/>
						<line number="1544" hits="0"/>
						<line number="1545" hits="0"/>
						<line number="1546" hits="0"/>
						<line number="1547" hits="0"/>
						<line number="1548" hits="0"/>
						<line number="1549" hits="0"/>
						<line number="1551" hits="0"/>
						<line number="1555" hits="0"/>
						<line number="1559" hits="0"/>
						<line number="1560" hits="0"/>
						<line number="1562" hits="0"/>
						<line number="1563" hits="0"/>
						<line number="1564" hits="0"/>
						<line number="1565" hits="0"/>
						<line number="1566" hits="0"/>
						<line number="1568" hits="0"/>
						<line number="1570" hits="0"/>
						<line number="1571" hits="0"/>
						<line number="1572" hits="0"/>
						<line number="1573" hits="0"/>
						<line number="1575" hits="0"/>
						<line number="1576" hits="0"/>
						<line number="1578" hits="0"/>
						<line number="1579" hits="0"/>
						<line number="1581" hits="0"/>
						<line number="1582" hits="0"/>
						<line number="1584" hits="0"/>
						<line number="1585" hits="0"/>
						<line number="1587" hits="0"/>
					</lines>
				</class>
			</classes>
		</package>
		<package name="InitialPage.migrations" line-rate="1" branch-rate="0" complexity="0">
			<classes>
				<class name="0001_initial.py" filename="InitialPage/migrations/0001_initial.py" complexity="0" line-rate="1" branch-rate="0">
					<methods/>
					<lines>
						<line number="3" hits="1"/>
						<line number="4" hits="1"/>
						<line number="5" hits="1"/>
						<line number="8" hits="1"/>
						<line number="10" hits="1"/>
						<line number="12" hits="1"/>
						<line number="17" hits="1"/>
					</lines>
				</class>
				<class name="0002_risktype_risk_assetsrisk.py" filename="InitialPage/migrations/0002_risktype_risk_assetsrisk.py" complexity="0" line-rate="1" branch-rate="0">
					<methods/>
					<lines>
						<line number="3" hits="1"/>
						<line number="4" hits="1"/>
						<line number="7" hits="1"/>
						<line number="9" hits="1"/>
						<line number="13" hits="1"/>
					</lines>
				</class>
				<class name="0003_remove_assetsrisk_risk_assetsrisk_risk.py" filename="InitialPage/migrations/0003_remove_assetsrisk_risk_assetsrisk_risk.py" complexity="0" line-rate="1" branch-rate="0">
					<methods/>
					<lines>
						<line number="3" hits="1"/>
						<line number="6" hits="1"/>
						<line number="8" hits="1"/>
						<line number="12" hits="1"/>
					</lines>
				</class>
				<class name="0004_remove_assetsrisk_risk_assetsrisk_risk.py" filename="InitialPage/migrations/0004_remove_assetsrisk_risk_assetsrisk_risk.py" complexity="0" line-rate="1" branch-rate="0">
					<methods/>
					<lines>
						<line number="3" hits="1"/>
						<line number="6" hits="1"/>
						<line number="8" hits="1"/>
						<line number="12" hits="1"/>
					</lines>
				</class>
				<class name="0005_safeguards_safeguardsrisk.py" filename="InitialPage/migrations/0005_safeguards_safeguardsrisk.py" complexity="0" line-rate="1" branch-rate="0">
					<methods/>
					<lines>
						<line number="3" hits="1"/>
						<line number="4" hits="1"/>
						<line number="7" hits="1"/>
						<line number="9" hits="1"/>
						<line number="13" hits="1"/>
					</lines>
				</class>
				<class name="0006_safeguardstypes_safeguards_type.py" filename="InitialPage/migrations/0006_safeguardstypes_safeguards_type.py" complexity="0" line-rate="1" branch-rate="0">
					<methods/>
					<lines>
						<line number="3" hits="1"/>
						<line number="4" hits="1"/>
						<line number="7" hits="1"/>
						<line number="9" hits="1"/>
						<line number="13" hits="1"/>
					</lines>
				</class>
				<class name="0007_alter_safeguardsrisk_risk.py" filename="InitialPage/migrations/0007_alter_safeguardsrisk_risk.py" complexity="0" line-rate="1" branch-rate="0">
					<methods/>
					<lines>
						<line number="3" hits="1"/>
						<line number="4" hits="1"/>
						<line number="7" hits="1"/>
						<line number="9" hits="1"/>
						<line number="13" hits="1"/>
					</lines>
				</class>
				<class name="0008_alter_safeguardsrisk_safeguard.py" filename="InitialPage/migrations/0008_alter_safeguardsrisk_safeguard.py" complexity="0" line-rate="1" branch-rate="0">
					<methods/>
					<lines>
						<line number="3" hits="1"/>
						<line number="6" hits="1"/>
						<line number="8" hits="1"/>
						<line number="12" hits="1"/>
					</lines>
				</class>
				<class name="__init__.py" filename="InitialPage/migrations/__init__.py" complexity="0" line-rate="1" branch-rate="0">
					<methods/>
					<lines/>
				</class>
			</classes>
		</package>
		<package name="Users" line-rate="0.2903" branch-rate="0" complexity="0">
			<classes>
				<class name="__init__.py" filename="Users/__init__.py" complexity="0" line-rate="1" branch-rate="0">
					<methods/>
					<lines/>
				</class>
				<class name="admin.py" filename="Users/admin.py" complexity="0" line-rate="1" branch-rate="0">
					<methods/>
					<lines>
						<line number="1" hits="1"/>
						<line number="3" hits="1"/>
						<line number="6" hits="1"/>
						<line number="7" hits="1"/>
					</lines>
				</class>
				<class name="apps.py" filename="Users/apps.py" complexity="0" line-rate="1" branch-rate="0">
					<methods/>
					<lines>
						<line number="1" hits="1"/>
						<line number="4" hits="1"/>
						<line number="5" hits="1"/>
						<line number="6" hits="1"/>
					</lines>
				</class>
				<class name="models.py" filename="Users/models.py" complexity="0" line-rate="1" branch-rate="0">
					<methods/>
					<lines>
						<line number="1" hits="1"/>
						<line number="2" hits="1"/>
						<line number="5" hits="1"/>
						<line number="6" hits="1"/>
						<line number="8" hits="1"/>
						<line number="9" hits="1"/>
						<line number="10" hits="1"/>
						<line number="11" hits="1"/>
						<line number="12" hits="1"/>
						<line number="13" hits="1"/>
					</lines>
				</class>
				<class name="tests.py" filename="Users/tests.py" complexity="0" line-rate="0" branch-rate="0">
					<methods/>
					<lines>
						<line number="1" hits="0"/>
					</lines>
				</class>
				<class name="urls.py" filename="Users/urls.py" complexity="0" line-rate="0" branch-rate="0">
					<methods/>
					<lines>
						<line number="1" hits="0"/>
						<line number="2" hits="0"/>
						<line number="4" hits="0"/>
						<line number="6" hits="0"/>
					</lines>
				</class>
				<class name="views.py" filename="Users/views.py" complexity="0" line-rate="0" branch-rate="0">
					<methods/>
					<lines>
						<line number="1" hits="0"/>
						<line number="3" hits="0"/>
						<line number="4" hits="0"/>
						<line number="5" hits="0"/>
						<line number="8" hits="0"/>
						<line number="9" hits="0"/>
						<line number="10" hits="0"/>
						<line number="11" hits="0"/>
						<line number="12" hits="0"/>
						<line number="14" hits="0"/>
						<line number="15" hits="0"/>
						<line number="16" hits="0"/>
						<line number="17" hits="0"/>
						<line number="18" hits="0"/>
						<line number="22" hits="0"/>
						<line number="23" hits="0"/>
						<line number="25" hits="0"/>
						<line number="26" hits="0"/>
						<line number="27" hits="0"/>
						<line number="29" hits="0"/>
						<line number="33" hits="0"/>
						<line number="35" hits="0"/>
						<line number="36" hits="0"/>
						<line number="37" hits="0"/>
						<line number="38" hits="0"/>
						<line number="39" hits="0"/>
						<line number="40" hits="0"/>
						<line number="42" hits="0"/>
						<line number="43" hits="0"/>
						<line number="44" hits="0"/>
						<line number="45" hits="0"/>
						<line number="46" hits="0"/>
						<line number="49" hits="0"/>
						<line number="50" hits="0"/>
						<line number="54" hits="0"/>
						<line number="58" hits="0"/>
						<line number="60" hits="0"/>
						<line number="61" hits="0"/>
						<line number="62" hits="0"/>
					</lines>
				</class>
			</classes>
		</package>
		<package name="Users.migrations" line-rate="1" branch-rate="0" complexity="0">
			<classes>
				<class name="0001_initial.py" filename="Users/migrations/0001_initial.py" complexity="0" line-rate="1" branch-rate="0">
					<methods/>
					<lines>
						<line number="3" hits="1"/>
						<line number="4" hits="1"/>
						<line number="5" hits="1"/>
						<line number="6" hits="1"/>
						<line number="9" hits="1"/>
						<line number="11" hits="1"/>
						<line number="13" hits="1"/>
						<line number="17" hits="1"/>
					</lines>
				</class>
				<class name="0002_workload_user_workload.py" filename="Users/migrations/0002_workload_user_workload.py" complexity="0" line-rate="1" branch-rate="0">
					<methods/>
					<lines>
						<line number="3" hits="1"/>
						<line number="4" hits="1"/>
						<line number="7" hits="1"/>
						<line number="9" hits="1"/>
						<line number="13" hits="1"/>
					</lines>
				</class>
				<class name="0003_rename_celular_user_identity.py" filename="Users/migrations/0003_rename_celular_user_identity.py" complexity="0" line-rate="1" branch-rate="0">
					<methods/>
					<lines>
						<line number="3" hits="1"/>
						<line number="6" hits="1"/>
						<line number="8" hits="1"/>
						<line number="12" hits="1"/>
					</lines>
				</class>
				<class name="0004_rename_identity_user_celular.py" filename="Users/migrations/0004_rename_identity_user_celular.py" complexity="0" line-rate="1" branch-rate="0">
					<methods/>
					<lines>
						<line number="3" hits="1"/>
						<line number="6" hits="1"/>
						<line number="8" hits="1"/>
						<line number="12" hits="1"/>
					</lines>
				</class>
				<class name="0005_user_department.py" filename="Users/migrations/0005_user_department.py" complexity="0" line-rate="1" branch-rate="0">
					<methods/>
					<lines>
						<line number="3" hits="1"/>
						<line number="6" hits="1"/>
						<line number="8" hits="1"/>
						<line number="12" hits="1"/>
					</lines>
				</class>
				<class name="0006_user_mfa_enabled_user_mfa_secret.py" filename="Users/migrations/0006_user_mfa_enabled_user_mfa_secret.py" complexity="0" line-rate="1" branch-rate="0">
					<methods/>
					<lines>
						<line number="3" hits="1"/>
						<line number="6" hits="1"/>
						<line number="8" hits="1"/>
						<line number="12" hits="1"/>
					</lines>
				</class>
				<class name="__init__.py" filename="Users/migrations/__init__.py" complexity="0" line-rate="1" branch-rate="0">
					<methods/>
					<lines/>
				</class>
			</classes>
		</package>
	</packages>
</coverage>
